<?xml version="1.0" encoding="UTF-8"?>
<testng-results ignored="0" total="2" passed="2" failed="0" skipped="0">
  <reporter-output>
  </reporter-output>
  <suite started-at="2023-03-16T12:48:02 CET" name="Default suite" finished-at="2023-03-16T12:48:05 CET" duration-ms="3646">
    <groups>
    </groups>
    <test started-at="2023-03-16T12:48:02 CET" name="Default test" finished-at="2023-03-16T12:48:05 CET" duration-ms="3646">
      <class name="Test01_GET">
        <test-method signature="Test_01()[pri:0, instance:Test01_GET@759d26fb]" started-at="2023-03-16T12:48:02 CET" name="Test_01" finished-at="2023-03-16T12:48:05 CET" duration-ms="3107" status="PASS">
          <reporter-output>
          </reporter-output>
        </test-method> <!-- Test_01 -->
        <test-method signature="Test_02()[pri:0, instance:Test01_GET@759d26fb]" started-at="2023-03-16T12:48:05 CET" name="Test_02" finished-at="2023-03-16T12:48:05 CET" duration-ms="458" status="PASS">
          <reporter-output>
          </reporter-output>
        </test-method> <!-- Test_02 -->
      </class> <!-- Test01_GET -->
    </test> <!-- Default test -->
  </suite> <!-- Default suite -->
</testng-results>
